<?xml version="1.0" encoding="UTF-8"?>
<testng-results ignored="0" total="1" passed="1" failed="0" skipped="0">
  <reporter-output>
  </reporter-output>
  <suite started-at="2024-06-10T11:01:15 IST" name="Default suite" finished-at="2024-06-10T11:01:15 IST" duration-ms="57">
    <groups>
    </groups>
    <test started-at="2024-06-10T11:01:15 IST" name="Default test" finished-at="2024-06-10T11:01:15 IST" duration-ms="57">
      <class name="testgithub.DJJ">
        <test-method signature="demogit()[pri:0, instance:testgithub.DJJ@193f604a]" started-at="2024-06-10T11:01:15 IST" name="demogit" finished-at="2024-06-10T11:01:15 IST" duration-ms="11" status="PASS">
          <reporter-output>
          </reporter-output>
        </test-method> <!-- demogit -->
      </class> <!-- testgithub.DJJ -->
    </test> <!-- Default test -->
  </suite> <!-- Default suite -->
</testng-results>
